<?xml version="1.0" encoding="UTF-8"?>
<testsuite name="hello.ApplicationTests" time="0.536" tests="7" errors="0" skipped="0" failures="0">
  <properties>
[...]
</properties>
  <testcase name="shouldQueryEntity" classname="hello.ApplicationTests" time="0.406"/>
  <testcase name="shouldCreateEntity" classname="hello.ApplicationTests" time="0.014"/>
  <testcase name="shouldUpdateEntity" classname="hello.ApplicationTests" time="0.048"/>
  <testcase name="shouldRetrieveEntity" classname="hello.ApplicationTests" time="0.014"/>
  <testcase name="shouldDeleteEntity" classname="hello.ApplicationTests" time="0.024"/>
  <testcase name="shouldReturnRepositoryIndex" classname="hello.ApplicationTests" time="0.012"/>
  <testcase name="shouldPartiallyUpdateEntity" classname="hello.ApplicationTests" time="0.018"/>
</testsuite>